<?xml version="1.0" encoding="UTF-8"?>
<testsuite name="com.github.premnirmal.ticker.components.KoinModulesTest" tests="1" skipped="0" failures="0" errors="0" timestamp="2026-06-21T13:41:08.447Z" hostname="runnervm7b5n9" time="7.327">
  <properties/>
  <testcase name="koinGraphResolvesCoreServices" classname="com.github.premnirmal.ticker.components.KoinModulesTest" time="7.325"/>
  <system-out><![CDATA[]]></system-out>
  <system-err><![CDATA[SLF4J(W): No SLF4J providers were found.
SLF4J(W): Defaulting to no-operation (NOP) logger implementation
SLF4J(W): See https://www.slf4j.org/codes.html#noProviders for further details.
]]></system-err>
</testsuite>
