<?xml version="1.0" encoding="UTF-8"?>
<testsuite name="com.github.premnirmal.ticker.network.StocksApiTest" tests="2" skipped="0" failures="0" errors="0" timestamp="2026-06-21T13:41:18.186Z" hostname="runnervm7b5n9" time="0.335">
  <properties/>
  <testcase name="testFailure" classname="com.github.premnirmal.ticker.network.StocksApiTest" time="0.295"/>
  <testcase name="testGetStocks" classname="com.github.premnirmal.ticker.network.StocksApiTest" time="0.04"/>
  <system-out><![CDATA[]]></system-out>
  <system-err><![CDATA[]]></system-err>
</testsuite>
