<?xml version="1.0" encoding="UTF-8"?>
<testsuite name="com.github.premnirmal.ticker.network.data.DtoSerializationTest" tests="3" skipped="0" failures="0" errors="0" timestamp="2026-06-15T14:24:00.950Z" hostname="runnervm1li68" time="0.1">
  <properties/>
  <testcase name="roundTripsSuggestionsNet" classname="com.github.premnirmal.ticker.network.data.DtoSerializationTest" time="0.082"/>
  <testcase name="roundTripsRepoCommit" classname="com.github.premnirmal.ticker.network.data.DtoSerializationTest" time="0.001"/>
  <testcase name="roundTripsTrendingResult" classname="com.github.premnirmal.ticker.network.data.DtoSerializationTest" time="0.007"/>
  <system-out><![CDATA[]]></system-out>
  <system-err><![CDATA[]]></system-err>
</testsuite>
