<?xml version="1.0" encoding="UTF-8"?>
<testsuite name="com.github.premnirmal.ticker.network.data.PriceFormatTest" tests="3" skipped="0" failures="0" errors="0" timestamp="2026-06-15T14:24:01.067Z" hostname="runnervm1li68" time="0.012">
  <properties/>
  <testcase name="prefixesSymbolWhenPrefixTrue" classname="com.github.premnirmal.ticker.network.data.PriceFormatTest" time="0.005"/>
  <testcase name="roundingFollowsSelectedFormat" classname="com.github.premnirmal.ticker.network.data.PriceFormatTest" time="0.002"/>
  <testcase name="suffixesSymbolWhenPrefixFalse" classname="com.github.premnirmal.ticker.network.data.PriceFormatTest" time="0.001"/>
  <system-out><![CDATA[]]></system-out>
  <system-err><![CDATA[]]></system-err>
</testsuite>
